<?xml version="1.0"?>
<testsuite name="Chrome Headless 112.0.5615.137 (Mac OS 10.15.7)" package="" timestamp="2023-04-22T15:13:24" id="0" hostname="Mac-67385.local" tests="3" errors="0" failures="0" time="0.061">
  <properties>
    <property name="browser.fullName" value="Mozilla/5.0 (Macintosh; Intel Mac OS X 10_15_7) AppleWebKit/537.36 (KHTML, like Gecko) HeadlessChrome/112.0.5615.137 Safari/537.36"/>
  </properties>
  <testcase name="AppComponent should create the app" time="0.041" classname="Chrome_Headless_112_0_5615_137_(Mac_OS_10_15_7).AppComponent"/>
  <testcase name="AppComponent should have as title 'frontend'" time="0.007" classname="Chrome_Headless_112_0_5615_137_(Mac_OS_10_15_7).AppComponent"/>
  <testcase name="HomeComponent should create" time="0.013" classname="Chrome_Headless_112_0_5615_137_(Mac_OS_10_15_7).HomeComponent"/>
  <system-out>
    <![CDATA[
]]>
  </system-out>
  <system-err/>
</testsuite>